Added Component: Designator=+12V(TP2)
Added Component: Designator=-12V(TP2)
Added Component: Designator=C1(CAPPR5-5x5)
Added Component: Designator=C2(CAPPR5-5x5)
Added Component: Designator=C3(CAPPR5-5x5)
Added Component: Designator=C4(CAPPR5-5x5)
Added Component: Designator=C5(CAPPR5-5x5)
Added Component: Designator=GND(TP2)
Added Component: Designator=IC1(DIP-8)
Added Component: Designator=IN(TP2)
Added Component: Designator=OUT(TP2)
Added Component: Designator=R1(AXIAL-0.4)
Added Component: Designator=R2(AXIAL-0.4)
Added Component: Designator=R3(AXIAL-0.4)
Added Component: Designator=R4(AXIAL-0.4)
Added Component: Designator=R5(RPOT)
Added Component: Designator=R6(AXIAL-0.4)
Added Component: Designator=R7(AXIAL-0.4)
Added Component: Designator=R8(AXIAL-0.4)
Added Component: Designator=R9(AXIAL-0.4)
Added Component: Designator=R10(AXIAL-0.4)
Added Component: Designator=R11(AXIAL-0.4)
Added Component: Designator=R12(AXIAL-0.4)
Added Component: Designator=R13(AXIAL-0.4)
Added Component: Designator=R14(AXIAL-0.4)
Added Component: Designator=R15(AXIAL-0.4)
Added Component: Designator=R16(AXIAL-0.4)
Added Component: Designator=R17(AXIAL-0.4)
Added Component: Designator=T1(TANS)
Added Component: Designator=T2(TANS)
Added Component: Designator=T3(TANS)
Added Component: Designator=T4(TANS)
Added Component: Designator=T5(TANS)
Added Component: Designator=T6(TO-3)
Added Component: Designator=T7(TO-3)
Added Pin To Net: NetName=+12 Pin=+12V-1
Added Pin To Net: NetName=+12 Pin=R10-2
Added Pin To Net: NetName=+12 Pin=R12-2
Added Pin To Net: NetName=+12 Pin=T4-3
Added Pin To Net: NetName=+12 Pin=T6-3
Added Pin To Net: NetName=+12 Pin=T6-3
Added Net: Name=+12
Added Pin To Net: NetName=-12 Pin=-12V-1
Added Pin To Net: NetName=-12 Pin=R9-2
Added Pin To Net: NetName=-12 Pin=R17-1
Added Pin To Net: NetName=-12 Pin=T7-1
Added Net: Name=-12
Added Pin To Net: NetName=1 Pin=IC1-1
Added Net: Name=1
Added Pin To Net: NetName=8 Pin=IC1-8
Added Net: Name=8
Added Pin To Net: NetName=GND Pin=C4-2
Added Pin To Net: NetName=GND Pin=C5-1
Added Pin To Net: NetName=GND Pin=GND-1
Added Pin To Net: NetName=GND Pin=R3-1
Added Pin To Net: NetName=GND Pin=R5-3
Added Pin To Net: NetName=GND Pin=R6-1
Added Pin To Net: NetName=GND Pin=R7-1
Added Net: Name=GND
Added Pin To Net: NetName=NetC1_1 Pin=C1-1
Added Pin To Net: NetName=NetC1_1 Pin=IN-1
Added Net: Name=NetC1_1
Added Pin To Net: NetName=NetC1_2 Pin=C1-2
Added Pin To Net: NetName=NetC1_2 Pin=R1-1
Added Pin To Net: NetName=NetC1_2 Pin=T1-2
Added Net: Name=NetC1_2
Added Pin To Net: NetName=NetC2_1 Pin=C2-1
Added Pin To Net: NetName=NetC2_1 Pin=R1-2
Added Pin To Net: NetName=NetC2_1 Pin=R2-1
Added Pin To Net: NetName=NetC2_1 Pin=T1-3
Added Net: Name=NetC2_1
Added Pin To Net: NetName=NetC2_2 Pin=C2-2
Added Pin To Net: NetName=NetC2_2 Pin=R4-1
Added Pin To Net: NetName=NetC2_2 Pin=T2-2
Added Net: Name=NetC2_2
Added Pin To Net: NetName=NetC3_1 Pin=C3-1
Added Pin To Net: NetName=NetC3_1 Pin=R5-2
Added Net: Name=NetC3_1
Added Pin To Net: NetName=NetC3_2 Pin=C3-2
Added Pin To Net: NetName=NetC3_2 Pin=IC1-3
Added Pin To Net: NetName=NetC3_2 Pin=R7-2
Added Net: Name=NetC3_2
Added Pin To Net: NetName=NetC4_1 Pin=C4-1
Added Pin To Net: NetName=NetC4_1 Pin=IC1-4
Added Pin To Net: NetName=NetC4_1 Pin=R9-1
Added Net: Name=NetC4_1
Added Pin To Net: NetName=NetC5_2 Pin=C5-2
Added Pin To Net: NetName=NetC5_2 Pin=IC1-7
Added Pin To Net: NetName=NetC5_2 Pin=R2-2
Added Pin To Net: NetName=NetC5_2 Pin=R10-1
Added Pin To Net: NetName=NetC5_2 Pin=T2-1
Added Net: Name=NetC5_2
Added Pin To Net: NetName=NetIC1_2 Pin=IC1-2
Added Pin To Net: NetName=NetIC1_2 Pin=R6-2
Added Pin To Net: NetName=NetIC1_2 Pin=R11-1
Added Net: Name=NetIC1_2
Added Pin To Net: NetName=NetIC1_6 Pin=IC1-6
Added Pin To Net: NetName=NetIC1_6 Pin=R8-1
Added Net: Name=NetIC1_6
Added Pin To Net: NetName=NetOUT_1 Pin=OUT-1
Added Pin To Net: NetName=NetOUT_1 Pin=R11-2
Added Pin To Net: NetName=NetOUT_1 Pin=R15-1
Added Pin To Net: NetName=NetOUT_1 Pin=R16-2
Added Pin To Net: NetName=NetOUT_1 Pin=T6-1
Added Pin To Net: NetName=NetOUT_1 Pin=T7-3
Added Pin To Net: NetName=NetOUT_1 Pin=T7-3
Added Net: Name=NetOUT_1
Added Pin To Net: NetName=NetR3_2 Pin=R3-2
Added Pin To Net: NetName=NetR3_2 Pin=T1-1
Added Net: Name=NetR3_2
Added Pin To Net: NetName=NetR4_2 Pin=R4-2
Added Pin To Net: NetName=NetR4_2 Pin=R5-1
Added Pin To Net: NetName=NetR4_2 Pin=T2-3
Added Net: Name=NetR4_2
Added Pin To Net: NetName=NetR8_2 Pin=R8-2
Added Pin To Net: NetName=NetR8_2 Pin=R14-1
Added Pin To Net: NetName=NetR8_2 Pin=T3-1
Added Pin To Net: NetName=NetR8_2 Pin=T5-2
Added Net: Name=NetR8_2
Added Pin To Net: NetName=NetR12_1 Pin=R12-1
Added Pin To Net: NetName=NetR12_1 Pin=R13-2
Added Pin To Net: NetName=NetR12_1 Pin=T3-3
Added Pin To Net: NetName=NetR12_1 Pin=T4-2
Added Net: Name=NetR12_1
Added Pin To Net: NetName=NetR13_1 Pin=R13-1
Added Pin To Net: NetName=NetR13_1 Pin=R14-2
Added Pin To Net: NetName=NetR13_1 Pin=T3-2
Added Net: Name=NetR13_1
Added Pin To Net: NetName=NetR15_2 Pin=R15-2
Added Pin To Net: NetName=NetR15_2 Pin=T4-1
Added Pin To Net: NetName=NetR15_2 Pin=T6-2
Added Net: Name=NetR15_2
Added Pin To Net: NetName=NetR17_2 Pin=R17-2
Added Pin To Net: NetName=NetR17_2 Pin=T5-3
Added Pin To Net: NetName=NetR17_2 Pin=T7-2
Added Net: Name=NetR17_2
Added Class: Name=Sheet2
Added Room: Name=Sheet2
